<?xml version="1.0" encoding="UTF-8"?>
<!-- Generated by org.testng.reporters.JUnitReportReporter -->
<testsuite hostname="Anonymous" failures="0" tests="1" name="ngtest.CheckList" time="0.009" errors="0" timestamp="2022-09-23T16:04:23 IST" skipped="0">
  <testcase classname="ngtest.CheckList" name="test1" time="0.009"/>
  <system-out/>
</testsuite> <!-- ngtest.CheckList -->
